This is pdfTeX, Version 3.1415926-2.4-1.40.13 (MiKTeX 2.9 64-bit) (preloaded format=temp_header 2014.9.15)  10 OCT 2016 15:10
entering extended mode
**C:/Users/Fabian/git/ftolkmitt_DA_Schriftlich/st_thesis_layout/graphics/Bank.t
ex.preview.tex

(C:/Users/Fabian/git/ftolkmitt_DA_Schriftlich/st_thesis_layout/graphics/Bank.te
x.preview.tex
LaTeX2e <2011/06/27>
Babel <v3.8m> and hyphenation patterns for english, afrikaans, ancientgreek, ar
abic, armenian, assamese, basque, bengali, bokmal, bulgarian, catalan, coptic, 
croatian, czech, danish, dutch, esperanto, estonian, farsi, finnish, french, ga
lician, german, german-x-2012-05-30, greek, gujarati, hindi, hungarian, iceland
ic, indonesian, interlingua, irish, italian, kannada, kurmanji, latin, latvian,
 lithuanian, malayalam, marathi, mongolian, mongolianlmc, monogreek, ngerman, n
german-x-2012-05-30, nynorsk, oriya, panjabi, pinyin, polish, portuguese, roman
ian, russian, sanskrit, serbian, slovak, slovenian, spanish, swedish, swissgerm
an, tamil, telugu, turkish, turkmen, ukenglish, ukrainian, uppersorbian, usengl
ishmax, welsh, loaded.

(C:\Users\Fabian\git\ftolkmitt_DA_Schriftlich\st_thesis_layout\graphics\Bank.te
x.preview.aux)
LaTeX Font Info:    Checking defaults for OML/cmm/m/it on input line 2.
LaTeX Font Info:    ... okay on input line 2.
LaTeX Font Info:    Checking defaults for T1/cmr/m/n on input line 2.
LaTeX Font Info:    ... okay on input line 2.
LaTeX Font Info:    Checking defaults for OT1/cmr/m/n on input line 2.
LaTeX Font Info:    ... okay on input line 2.
LaTeX Font Info:    Checking defaults for OMS/cmsy/m/n on input line 2.
LaTeX Font Info:    ... okay on input line 2.
LaTeX Font Info:    Checking defaults for OMX/cmex/m/n on input line 2.
LaTeX Font Info:    ... okay on input line 2.
LaTeX Font Info:    Checking defaults for U/cmr/m/n on input line 2.
LaTeX Font Info:    ... okay on input line 2.
 ABD: EveryShipout initializing macros
(C:\Users\Fabian\AppData\Roaming\MiKTeX\2.9\tex\context\base\supp-pdf.mkii
[Loading MPS to PDF converter (version 2006.09.02).]
\scratchcounter=\count123
\scratchdimen=\dimen167
\scratchbox=\box58
\nofMPsegments=\count124
\nofMParguments=\count125
\everyMPshowfont=\toks31
\MPscratchCnt=\count126
\MPscratchDim=\dimen168
\MPnumerator=\count127
\makeMPintoPDFobject=\count128
\everyMPtoPDFconversion=\toks32
)
*geometry* driver: auto-detecting
*geometry* detected driver: pdftex
*geometry* verbose mode - [ preamble ] result:
* driver: pdftex
* paper: <default>
* layout: <same size as paper>
* layoutoffset:(h,v)=(0.0pt,0.0pt)
* modes: 
* h-part:(L,W,R)=(0.0pt, 614.295pt, 0.0pt)
* v-part:(T,H,B)=(0.0pt, 794.96999pt, 0.0pt)
* \paperwidth=614.295pt
* \paperheight=794.96999pt
* \textwidth=614.295pt
* \textheight=794.96999pt
* \oddsidemargin=-72.26999pt
* \evensidemargin=-72.26999pt
* \topmargin=-72.26999pt
* \headheight=0.0pt
* \headsep=0.0pt
* \topskip=10.0pt
* \footskip=30.0pt
* \marginparwidth=65.0pt
* \marginparsep=11.0pt
* \columnsep=10.0pt
* \skip\footins=9.0pt plus 4.0pt minus 2.0pt
* \hoffset=0.0pt
* \voffset=0.0pt
* \mag=1000
* \@twocolumnfalse
* \@twosidefalse
* \@mparswitchfalse
* \@reversemarginfalse
* (1in=72.27pt=25.4mm, 1cm=28.453pt)

Preview: Fontsize 10pt
Preview: PDFoutput 1

(C:\Users\Fabian\AppData\Roaming\MiKTeX\2.9\tex\generic\pgf\frontendlayer\tikz\
libraries\tikzlibrarypositioning.code.tex
File: tikzlibrarypositioning.code.tex 2008/10/06 v2.10 (rcs-revision 1.7)
)
(C:\Users\Fabian\AppData\Roaming\MiKTeX\2.9\tex\generic\pgf\frontendlayer\tikz\
libraries\tikzlibraryshadows.code.tex
File: tikzlibraryshadows.code.tex 2008/01/13 v2.10 (rcs-revision 1.3)

(C:\Users\Fabian\AppData\Roaming\MiKTeX\2.9\tex\generic\pgf\frontendlayer\tikz\
libraries\tikzlibraryfadings.code.tex
File: tikzlibraryfadings.code.tex 2009/11/15 v2.10 (rcs-revision 1.2)

(C:\Users\Fabian\AppData\Roaming\MiKTeX\2.9\tex\generic\pgf\libraries\pgflibrar
yfadings.code.tex
File: pgflibraryfadings.code.tex 2008/02/07 v2.10 (rcs-revision 1.3)
)))
Underfull \hbox (badness 10000) in paragraph at lines 22--24
 [][][][]\OT1/cmr/bx/n/10 Bank 
 []


Underfull \hbox (badness 10000) in paragraph at lines 24--25
 [][][][]\OT1/cmr/m/n/10 name:String 
 []


Underfull \hbox (badness 10000) in paragraph at lines 25--25
 [][][][]\OT1/cmr/m/n/10 login(id:int,credentials:String):Customer 
 []


Underfull \hbox (badness 10000) in paragraph at lines 25--26
 []\OT1/cmr/m/n/10 executeTransactions():boolean 
 []


Underfull \hbox (badness 1264) in paragraph at lines 51--51
 [][][][]\OT1/cmr/bx/n/10 Customer 
 []


Underfull \hbox (badness 2644) in paragraph at lines 51--51
 [][][][]\OT1/cmr/m/n/10 id:int 
 []


Underfull \hbox (badness 1117) in paragraph at lines 51--51
 []\OT1/cmr/m/n/10 name:String 
 []


Underfull \hbox (badness 1117) in paragraph at lines 51--51
 [][][][]\OT1/cmr/m/n/10 limit:Money 
 []


Underfull \hbox (badness 1117) in paragraph at lines 51--51
 [][][][]\OT1/cmr/m/n/10 limit:Money 
 []


Underfull \hbox (badness 10000) in paragraph at lines 51--51
 [][][][]\OT1/cmr/m/n/10 0..* 
 []


Underfull \hbox (badness 10000) in paragraph at lines 51--51
 [][][][]\OT1/cmr/m/n/10 1 
 []


Underfull \hbox (badness 10000) in paragraph at lines 51--51
 [][][][]\OT1/cmr/m/n/10 0..* 
 []


Underfull \hbox (badness 10000) in paragraph at lines 51--51
 [][][][]\OT1/cmr/m/n/10 1..* 
 []


Underfull \hbox (badness 1117) in paragraph at lines 51--51
 [][][][]\OT1/cmr/m/n/10 limit:Money 
 []


Overfull \hbox (95.55707pt too wide) in paragraph at lines 26--53
 [][][][] [] 
 []


Underfull \hbox (badness 10000) in paragraph at lines 54--56
 [][][][]\OT1/cmr/bx/n/10 Transaction 
 []


Underfull \hbox (badness 10000) in paragraph at lines 56--56
 [][][][]\OT1/cmr/m/n/10 creationTime:DateTime 
 []


Underfull \hbox (badness 10000) in paragraph at lines 56--57
 []\OT1/cmr/m/n/10 amount:Money 
 []


Underfull \hbox (badness 10000) in paragraph at lines 57--57
 [][][][]\OT1/cmr/m/n/10 bind(source:Account,target:Account):boolean 
 []


Underfull \hbox (badness 10000) in paragraph at lines 57--58
 []\OT1/cmr/m/n/10 execute():boolean 
 []


Underfull \hbox (badness 1997) in paragraph at lines 70--70
 [][][][]\OT1/cmr/bx/n/10 Source 
 []


Underfull \hbox (badness 1117) in paragraph at lines 70--70
 [][][][]\OT1/cmr/m/n/10 limit:Money 
 []


Underfull \hbox (badness 2042) in paragraph at lines 70--70
 [][][][]\OT1/cmr/bx/n/10 Target 
 []


Underfull \hbox (badness 1117) in paragraph at lines 70--70
 [][][][]\OT1/cmr/m/n/10 limit:Money 
 []


Underfull \hbox (badness 10000) in paragraph at lines 70--70
 [][][][]\OT1/cmr/m/n/10 1         1 
 []


Overfull \hbox (9.99893pt too wide) in paragraph at lines 58--72
 [][][][] [] 
 []

\metadatafile=\write4
Preview: Tightpage -32891 -32891 32891 32891
[1{C:/Users/Fabian/AppData/Local/MiKTeX/2.9/pdftex/config/pdftex.map}]
(C:\Users\Fabian\git\ftolkmitt_DA_Schriftlich\st_thesis_layout\graphics\Bank.te
x.preview.aux) ) 
Here is how much of TeX's memory you used:
 586 strings out of 481320
 11912 string characters out of 2891787
 362145 words of memory out of 3000000
 16217 multiletter control sequences out of 15000+200000
 3948 words of font info for 15 fonts, out of 3000000 for 9000
 841 hyphenation exceptions out of 8191
 40i,14n,73p,391b,1344s stack positions out of 5000i,500n,10000p,200000b,50000s
<C:/Program Files/MiKTeX 2.9/fonts/type1/public/amsfonts/cm/cmb
x10.pfb><C:/Program Files/MiKTeX 2.9/fonts/type1/public/amsfonts/cm/cmr10.pfb>
Output written on Bank.tex.preview.pdf (1 page, 35302 bytes).
PDF statistics:
 33 PDF objects out of 1000 (max. 8388607)
 0 named destinations out of 1000 (max. 500000)
 109 words of extra memory for PDF output out of 10000 (max. 10000000)

